2020-09-29 10:02:49,224	wtf	interactive	WARNING	"The following files are untracked by git:\n\tlogging.log"
2020-09-29 10:02:49,680	wtf	instruments	ERROR	"Connection to picoscope failed. There could be an unclosed session."
2020-09-29 10:02:49,681	wtf	instruments	ERROR	"Error calling _lowLevelOpenUnit: PICO_NOT_FOUND (No PicoScope XXXX could be found.)"
2020-09-29 10:02:49,689	wtf	instruments	DEBUG	"Rigol connection succeeded. *IDN?: Rigol Technologies,DG5102,DG5T155000186,00.01.09"
2020-09-29 10:02:50,810	wtf	instruments	INFO	"TEO connection successful: TEO: Name=TS_MemoryTester SN=201428 Rev=2.4"
2020-09-29 10:02:51,010	wtf	instruments	INFO	"Connected to PID controller on COM9"
2020-09-29 10:02:51,100	wtf	instruments	INFO	"Connected to digipot on COM10"
2020-09-29 10:02:51,105	wtf	instruments	DEBUG	"Looking for ip address for Keithley..."
2020-09-29 10:02:54,123	wtf	instruments	DEBUG	"192.168.11.13 is up. Is it Keithley?"
2020-09-29 10:02:54,131	wtf	instruments	ERROR	"Keithley connection failed at TCPIP0::192.168.11.13::inst0::INSTR"
2020-09-29 10:02:54,132	wtf	instruments	ERROR	"VI_ERROR_ALLOC (-1073807300): Insufficient system resources to perform necessary memory allocation."
2020-09-29 10:02:54,133	wtf	interactive	INFO	"Data to be saved in D:\wtf\ivdata\2020-09-29_Digipot_Testing"
2020-09-29 10:02:54,134	wtf	interactive	INFO	"Overwrite 'datafolder' and/or 'subfolder' variables to change directory"
2020-09-29 10:02:54,135	wtf	io	INFO	"Making folder: D:\wtf\ivdata\2020-09-29_Digipot_Testing"
2020-09-29 10:03:00,891	wtf	interactive	INFO	"Setting up default plots for picoscope"
2020-09-29 10:03:00,907	wtf	instruments	INFO	"Picoscope channel settings:"
2020-09-29 10:03:00,915	wtf	instruments	INFO	"               A   B   C   D\nCouplings     DC  DC  DC  DC\nAttenuations   1   1   1   1\nOffsets        0   0   0   0\nRanges         1   1   1   1\nBWlimit        0   0   0   0"
2020-09-29 10:50:16,694	wtf	interactive	WARNING	"The following files are untracked by git:\n\tlogging.log"
2020-09-29 10:50:16,990	wtf	instruments	ERROR	"Connection to picoscope failed. There could be an unclosed session."
2020-09-29 10:50:16,991	wtf	instruments	ERROR	"Error calling _lowLevelOpenUnit: PICO_NOT_FOUND (No PicoScope XXXX could be found.)"
2020-09-29 10:50:16,997	wtf	instruments	DEBUG	"Rigol connection succeeded. *IDN?: Rigol Technologies,DG5102,DG5T155000186,00.01.09"
2020-09-29 10:50:17,929	wtf	instruments	INFO	"TEO connection successful: TEO: Name=TS_MemoryTester SN=201428 Rev=2.4"
2020-09-29 10:50:18,072	wtf	instruments	INFO	"Connected to PID controller on COM9"
2020-09-29 10:50:18,155	wtf	instruments	INFO	"Connected to digipot on COM10"
2020-09-29 10:50:18,159	wtf	instruments	DEBUG	"Looking for ip address for Keithley..."
2020-09-29 10:50:22,102	wtf	instruments	DEBUG	"192.168.11.13 is up. Is it Keithley?"
2020-09-29 10:50:22,128	wtf	instruments	ERROR	"Keithley connection failed at TCPIP0::192.168.11.13::inst0::INSTR"
2020-09-29 10:50:22,130	wtf	instruments	ERROR	"VI_ERROR_ALLOC (-1073807300): Insufficient system resources to perform necessary memory allocation."
2020-09-29 10:50:22,132	wtf	interactive	INFO	"Data to be saved in D:\wtf\ivdata\2020-09-29_Digipot_Testing"
2020-09-29 10:50:22,133	wtf	interactive	INFO	"Overwrite 'datafolder' and/or 'subfolder' variables to change directory"
2020-09-29 10:50:22,134	wtf	io	INFO	"Making folder: D:\wtf\ivdata\2020-09-29_Digipot_Testing"
2020-09-29 10:50:22,136	wtf	interactive	INFO	"Setting up default plots for picoscope"
2020-09-29 10:50:22,140	wtf	instruments	INFO	"Picoscope channel settings:"
2020-09-29 10:50:22,146	wtf	instruments	INFO	"               A   B   C   D\nCouplings     DC  DC  DC  DC\nAttenuations   1   1   1   1\nOffsets        0   0   0   0\nRanges         1   1   1   1\nBWlimit        0   0   0   0"
2020-09-29 10:52:43,226	wtf	interactive	WARNING	"The following files are untracked by git:\n\tlogging.log"
2020-09-29 10:52:43,486	wtf	instruments	ERROR	"Connection to picoscope failed. There could be an unclosed session."
2020-09-29 10:52:43,496	wtf	instruments	ERROR	"Error calling _lowLevelOpenUnit: PICO_NOT_FOUND (No PicoScope XXXX could be found.)"
2020-09-29 10:52:43,496	wtf	instruments	DEBUG	"Rigol connection succeeded. *IDN?: Rigol Technologies,DG5102,DG5T155000186,00.01.09"
2020-09-29 10:52:44,417	wtf	instruments	INFO	"TEO connection successful: TEO: Name=TS_MemoryTester SN=201428 Rev=2.4"
2020-09-29 10:52:44,559	wtf	instruments	INFO	"Connected to PID controller on COM9"
2020-09-29 10:52:44,651	wtf	instruments	INFO	"Connected to digipot on COM10"
2020-09-29 10:52:44,662	wtf	instruments	DEBUG	"Looking for ip address for Keithley..."
2020-09-29 10:52:44,739	wtf	instruments	DEBUG	"192.168.11.13 is up. Is it Keithley?"
2020-09-29 10:52:44,753	wtf	instruments	ERROR	"Keithley connection failed at TCPIP0::192.168.11.13::inst0::INSTR"
2020-09-29 10:52:44,755	wtf	instruments	ERROR	"VI_ERROR_ALLOC (-1073807300): Insufficient system resources to perform necessary memory allocation."
2020-09-29 10:52:44,756	wtf	interactive	INFO	"Data to be saved in D:\wtf\ivdata\2020-09-29_Digipot_Testing"
2020-09-29 10:52:44,757	wtf	interactive	INFO	"Overwrite 'datafolder' and/or 'subfolder' variables to change directory"
2020-09-29 10:52:44,758	wtf	io	INFO	"Making folder: D:\wtf\ivdata\2020-09-29_Digipot_Testing"
2020-09-29 10:52:44,759	wtf	interactive	INFO	"Setting up default plots for picoscope"
2020-09-29 10:52:44,763	wtf	instruments	INFO	"Picoscope channel settings:"
2020-09-29 10:52:44,765	wtf	instruments	INFO	"               A   B   C   D\nCouplings     DC  DC  DC  DC\nAttenuations   1   1   1   1\nOffsets        0   0   0   0\nRanges         1   1   1   1\nBWlimit        0   0   0   0"
2020-09-29 10:59:35,282	wtf	interactive	WARNING	"The following files are untracked by git:\n\tlogging.log"
2020-09-29 10:59:36,312	wtf	instruments	INFO	"Picoscope 6403C connection succeeded."
2020-09-29 10:59:36,317	wtf	instruments	DEBUG	"Rigol connection succeeded. *IDN?: Rigol Technologies,DG5102,DG5T155000186,00.01.09"
2020-09-29 10:59:37,092	wtf	instruments	INFO	"TEO connection successful: TEO: Name=TS_MemoryTester SN=201428 Rev=2.4"
2020-09-29 10:59:37,117	wtf	instruments	DEBUG	"Looking for ip address for Keithley..."
2020-09-29 10:59:37,162	wtf	instruments	DEBUG	"192.168.11.13 is up. Is it Keithley?"
2020-09-29 10:59:37,175	wtf	instruments	ERROR	"Keithley connection failed at TCPIP0::192.168.11.13::inst0::INSTR"
2020-09-29 10:59:37,176	wtf	instruments	ERROR	"VI_ERROR_ALLOC (-1073807300): Insufficient system resources to perform necessary memory allocation."
2020-09-29 10:59:37,177	wtf	interactive	INFO	"Data to be saved in D:\wtf\ivdata\2020-09-29_Digipot_Testing"
2020-09-29 10:59:37,178	wtf	interactive	INFO	"Overwrite 'datafolder' and/or 'subfolder' variables to change directory"
2020-09-29 10:59:37,180	wtf	io	INFO	"Folder already exists: D:\wtf\ivdata\2020-09-29_Digipot_Testing"
2020-09-29 10:59:37,181	wtf	instruments	INFO	"Picoscope channel settings:"
2020-09-29 10:59:37,183	wtf	instruments	INFO	"               A   B   C   D\nCouplings     DC  DC  DC  DC\nAttenuations   1   1   1   1\nOffsets        0   0   0   0\nRanges         1   1   1   1\nBWlimit        0   0   0   0"
2020-09-29 11:05:21,399	wtf	interactive	WARNING	"The following files are untracked by git:\n\tlogging.log"
2020-09-29 11:05:21,433	wtf	instruments	DEBUG	"Rigol connection succeeded. *IDN?: Rigol Technologies,DG5102,DG5T155000186,00.01.09"
2020-09-29 11:05:22,240	wtf	instruments	INFO	"TEO connection successful: TEO: Name=TS_MemoryTester SN=201428 Rev=2.4"
2020-09-29 11:05:22,245	wtf	instruments	DEBUG	"Looking for ip address for Keithley..."
2020-09-29 11:05:25,101	wtf	instruments	DEBUG	"192.168.11.13 is up. Is it Keithley?"
2020-09-29 11:05:25,231	wtf	interactive	INFO	"Data to be saved in D:\wtf\ivdata\2020-09-29_Digipot_Testing"
2020-09-29 11:05:25,233	wtf	interactive	INFO	"Overwrite 'datafolder' and/or 'subfolder' variables to change directory"
2020-09-29 11:05:25,235	wtf	io	INFO	"Folder already exists: D:\wtf\ivdata\2020-09-29_Digipot_Testing"
2020-09-29 11:05:25,237	wtf	instruments	INFO	"Picoscope channel settings:"
2020-09-29 11:05:25,241	wtf	instruments	INFO	"               A   B   C   D\nCouplings     DC  DC  DC  DC\nAttenuations   1   1   1   1\nOffsets        0   0   0   0\nRanges         1   1   1   1\nBWlimit        0   0   0   0"
2020-09-29 11:06:45,498	wtf	interactive	WARNING	"The following files are untracked by git:\n\tlogging.log"
2020-09-29 11:06:46,448	wtf	instruments	INFO	"Picoscope 6403C connection succeeded."
2020-09-29 11:06:46,448	wtf	instruments	DEBUG	"Rigol connection succeeded. *IDN?: Rigol Technologies,DG5102,DG5T155000186,00.01.09"
2020-09-29 11:06:47,349	wtf	instruments	INFO	"TEO connection successful: TEO: Name=TS_MemoryTester SN=201428 Rev=2.4"
2020-09-29 11:06:47,484	wtf	instruments	INFO	"Connected to PID controller on COM9"
2020-09-29 11:06:47,566	wtf	instruments	INFO	"Connected to digipot on COM10"
2020-09-29 11:06:47,570	wtf	instruments	DEBUG	"Looking for ip address for Keithley..."
2020-09-29 11:06:47,611	wtf	instruments	DEBUG	"192.168.11.13 is up. Is it Keithley?"
2020-09-29 11:06:47,729	wtf	instruments	INFO	"Keithley connection successful at TCPIP0::192.168.11.13::inst0::INSTR"
2020-09-29 11:06:47,729	wtf	interactive	INFO	"Data to be saved in D:\wtf\ivdata\2020-09-29_Digipot_Testing"
2020-09-29 11:06:47,730	wtf	interactive	INFO	"Overwrite 'datafolder' and/or 'subfolder' variables to change directory"
2020-09-29 11:06:47,731	wtf	io	INFO	"Making folder: D:\wtf\ivdata\2020-09-29_Digipot_Testing"
2020-09-29 11:06:47,731	wtf	interactive	INFO	"Setting up default plots for picoscope"
2020-09-29 11:06:47,734	wtf	instruments	INFO	"Picoscope channel settings:"
2020-09-29 11:06:47,736	wtf	instruments	INFO	"               A   B   C   D\nCouplings     DC  DC  DC  DC\nAttenuations   1   1   1   1\nOffsets        0   0   0   0\nRanges         1   1   1   1\nBWlimit        0   0   0   0"
2020-09-29 11:08:10,004	wtf	instruments	INFO	"Picoscope channel settings:"
2020-09-29 11:08:10,006	wtf	instruments	INFO	"               A     B     C   D\nCouplings     DC  DC50  DC50  DC\nAttenuations   1     1     1   1\nOffsets        0     0     0   0\nRanges         1     1     1   1\nBWlimit        0     0     0   0"
2020-09-29 11:13:42,743	wtf	instruments	DEBUG	"Rigol connection succeeded. *IDN?: Rigol Technologies,DG5102,DG5T155000186,00.01.09"
2020-09-29 11:13:42,744	wtf	instruments	INFO	"Actual picoscope sampling frequency: 10,416,666.666666666"
2020-09-29 11:13:43,968	wtf	io	INFO	"Wrote D:\wtf\ivdata\2020-09-29_Digipot_Testing\2020-09-29_111343_961.s"
2020-09-29 11:16:02,264	wtf	instruments	DEBUG	"Rigol connection succeeded. *IDN?: Rigol Technologies,DG5102,DG5T155000186,00.01.09"
2020-09-29 11:16:02,264	wtf	instruments	INFO	"Actual picoscope sampling frequency: 10,416,666.666666666"
2020-09-29 11:16:03,104	wtf	io	INFO	"Wrote D:\wtf\ivdata\2020-09-29_Digipot_Testing\2020-09-29_111603_098.s"
